{"timestamp":"2026-03-02T12:19:23.298764Z","level":"INFO","fields":{"message":"python/3.13.3; huggingface_hub/1.5.0; , xet-core revision e31bbb5"},"filename":"/Users/runner/work/xet-core/xet-core/xet_logging/src/logging.rs","line_number":65}
{"timestamp":"2026-03-02T12:19:23.298812Z","level":"INFO","fields":{"message":"hf_xet logging cofigured."},"filename":"src/logging.rs","line_number":43}
{"timestamp":"2026-03-02T12:19:23.298818Z","level":"INFO","fields":{"message":"Increased RLIMIT_NOFILE soft limit from 1048575 to 9223372036854775807"},"filename":"/Users/runner/work/xet-core/xet-core/xet_runtime/src/file_handle_limits.rs","line_number":31}
{"timestamp":"2026-03-02T12:19:23.396964Z","level":"INFO","fields":{"message":"Config: min_spacing_between_global_dedup_queries = 256 (default)"},"filename":"/Users/runner/work/xet-core/xet-core/utils/src/configuration_utils.rs","line_number":39}
{"timestamp":"2026-03-02T12:19:23.397031Z","level":"INFO","fields":{"message":"Config: local_cas_scheme = \"local://\" (default)"},"filename":"/Users/runner/work/xet-core/xet-core/utils/src/configuration_utils.rs","line_number":39}
{"timestamp":"2026-03-02T12:19:23.397037Z","level":"INFO","fields":{"message":"Config: max_concurrent_file_ingestion = 8 (default)"},"filename":"/Users/runner/work/xet-core/xet-core/utils/src/configuration_utils.rs","line_number":39}
{"timestamp":"2026-03-02T12:19:23.397039Z","level":"INFO","fields":{"message":"Config: max_concurrent_file_downloads = 8 (default)"},"filename":"/Users/runner/work/xet-core/xet-core/utils/src/configuration_utils.rs","line_number":39}
{"timestamp":"2026-03-02T12:19:23.397042Z","level":"INFO","fields":{"message":"Config: ingestion_block_size = 8MB (default)"},"filename":"/Users/runner/work/xet-core/xet-core/utils/src/configuration_utils.rs","line_number":39}
{"timestamp":"2026-03-02T12:19:23.397046Z","level":"INFO","fields":{"message":"Config: progress_update_interval = 200ms (default)"},"filename":"/Users/runner/work/xet-core/xet-core/utils/src/configuration_utils.rs","line_number":39}
{"timestamp":"2026-03-02T12:19:23.397049Z","level":"INFO","fields":{"message":"Config: progress_update_speed_sampling_window = 10s (default)"},"filename":"/Users/runner/work/xet-core/xet-core/utils/src/configuration_utils.rs","line_number":39}
{"timestamp":"2026-03-02T12:19:23.397054Z","level":"INFO","fields":{"message":"Config: session_xorb_metadata_flush_interval = 20s (default)"},"filename":"/Users/runner/work/xet-core/xet-core/utils/src/configuration_utils.rs","line_number":39}
{"timestamp":"2026-03-02T12:19:23.397056Z","level":"INFO","fields":{"message":"Config: session_xorb_metadata_flush_max_count = 64 (default)"},"filename":"/Users/runner/work/xet-core/xet-core/utils/src/configuration_utils.rs","line_number":39}
{"timestamp":"2026-03-02T12:19:23.397059Z","level":"INFO","fields":{"message":"Config: default_cas_endpoint = \"http://localhost:8080\" (default)"},"filename":"/Users/runner/work/xet-core/xet-core/utils/src/configuration_utils.rs","line_number":39}
{"timestamp":"2026-03-02T12:19:23.397061Z","level":"INFO","fields":{"message":"Config: target_size = 67108864 (default)"},"filename":"/Users/runner/work/xet-core/xet-core/utils/src/configuration_utils.rs","line_number":39}
{"timestamp":"2026-03-02T12:19:23.397096Z","level":"INFO","fields":{"message":"Config: max_target_size = 67108864 (default)"},"filename":"/Users/runner/work/xet-core/xet-core/utils/src/configuration_utils.rs","line_number":39}
{"timestamp":"2026-03-02T12:19:23.397099Z","level":"INFO","fields":{"message":"Config: cache_size_limit = 16GB (default)"},"filename":"/Users/runner/work/xet-core/xet-core/utils/src/configuration_utils.rs","line_number":39}
{"timestamp":"2026-03-02T12:19:23.397102Z","level":"INFO","fields":{"message":"Config: chunk_index_table_max_size = 67108864 (default)"},"filename":"/Users/runner/work/xet-core/xet-core/utils/src/configuration_utils.rs","line_number":39}
{"timestamp":"2026-03-02T12:19:23.397104Z","level":"INFO","fields":{"message":"Config: nranges_in_streaming_fragmentation_estimator = 128 (default)"},"filename":"/Users/runner/work/xet-core/xet-core/utils/src/configuration_utils.rs","line_number":39}
{"timestamp":"2026-03-02T12:19:23.397106Z","level":"INFO","fields":{"message":"Config: min_n_chunks_per_range_hysteresis_factor = 0.5 (default)"},"filename":"/Users/runner/work/xet-core/xet-core/utils/src/configuration_utils.rs","line_number":39}
{"timestamp":"2026-03-02T12:19:23.397135Z","level":"INFO","fields":{"message":"Config: min_n_chunks_per_range = 8.0 (default)"},"filename":"/Users/runner/work/xet-core/xet-core/utils/src/configuration_utils.rs","line_number":39}
{"timestamp":"2026-03-02T12:19:23.397139Z","level":"INFO","fields":{"message":"Config: size_bytes = 0 (default)"},"filename":"/Users/runner/work/xet-core/xet-core/utils/src/configuration_utils.rs","line_number":39}
{"timestamp":"2026-03-02T12:19:23.397141Z","level":"INFO","fields":{"message":"Config: retry_max_attempts = 5 (default)"},"filename":"/Users/runner/work/xet-core/xet-core/utils/src/configuration_utils.rs","line_number":39}
{"timestamp":"2026-03-02T12:19:23.397143Z","level":"INFO","fields":{"message":"Config: retry_base_delay = 3s (default)"},"filename":"/Users/runner/work/xet-core/xet-core/utils/src/configuration_utils.rs","line_number":39}
{"timestamp":"2026-03-02T12:19:23.397145Z","level":"INFO","fields":{"message":"Config: retry_max_duration = 360s (default)"},"filename":"/Users/runner/work/xet-core/xet-core/utils/src/configuration_utils.rs","line_number":39}
{"timestamp":"2026-03-02T12:19:23.397147Z","level":"INFO","fields":{"message":"Config: idle_connection_timeout = 60s (default)"},"filename":"/Users/runner/work/xet-core/xet-core/utils/src/configuration_utils.rs","line_number":39}
{"timestamp":"2026-03-02T12:19:23.397149Z","level":"INFO","fields":{"message":"Config: max_idle_connections = 16 (default)"},"filename":"/Users/runner/work/xet-core/xet-core/utils/src/configuration_utils.rs","line_number":39}
{"timestamp":"2026-03-02T12:19:23.397151Z","level":"INFO","fields":{"message":"Config: connect_timeout = 60s (default)"},"filename":"/Users/runner/work/xet-core/xet-core/utils/src/configuration_utils.rs","line_number":39}
{"timestamp":"2026-03-02T12:19:23.397153Z","level":"INFO","fields":{"message":"Config: read_timeout = 120s (default)"},"filename":"/Users/runner/work/xet-core/xet-core/utils/src/configuration_utils.rs","line_number":39}
{"timestamp":"2026-03-02T12:19:23.397155Z","level":"INFO","fields":{"message":"Config: upload_reporting_block_size = 524288 (default)"},"filename":"/Users/runner/work/xet-core/xet-core/utils/src/configuration_utils.rs","line_number":39}
{"timestamp":"2026-03-02T12:19:23.397158Z","level":"INFO","fields":{"message":"Config: enable_adaptive_concurrency = true (default)"},"filename":"/Users/runner/work/xet-core/xet-core/utils/src/configuration_utils.rs","line_number":39}
{"timestamp":"2026-03-02T12:19:23.397160Z","level":"INFO","fields":{"message":"Config: ac_min_adjustment_window_ms = 500 (default)"},"filename":"/Users/runner/work/xet-core/xet-core/utils/src/configuration_utils.rs","line_number":39}
{"timestamp":"2026-03-02T12:19:23.397162Z","level":"INFO","fields":{"message":"Config: ac_min_bytes_required_for_adjustment = 20MB (default)"},"filename":"/Users/runner/work/xet-core/xet-core/utils/src/configuration_utils.rs","line_number":39}
{"timestamp":"2026-03-02T12:19:23.397164Z","level":"INFO","fields":{"message":"Config: ac_num_transmissions_required_for_adjustment = 1 (default)"},"filename":"/Users/runner/work/xet-core/xet-core/utils/src/configuration_utils.rs","line_number":39}
{"timestamp":"2026-03-02T12:19:23.397166Z","level":"INFO","fields":{"message":"Config: ac_latency_rtt_half_life = 64.0 (default)"},"filename":"/Users/runner/work/xet-core/xet-core/utils/src/configuration_utils.rs","line_number":39}
{"timestamp":"2026-03-02T12:19:23.397169Z","level":"INFO","fields":{"message":"Config: ac_success_tracking_half_life = 8.0 (default)"},"filename":"/Users/runner/work/xet-core/xet-core/utils/src/configuration_utils.rs","line_number":39}
{"timestamp":"2026-03-02T12:19:23.397171Z","level":"INFO","fields":{"message":"Config: ac_target_rtt = 60s (default)"},"filename":"/Users/runner/work/xet-core/xet-core/utils/src/configuration_utils.rs","line_number":39}
{"timestamp":"2026-03-02T12:19:23.397173Z","level":"INFO","fields":{"message":"Config: ac_max_healthy_rtt = 90s (default)"},"filename":"/Users/runner/work/xet-core/xet-core/utils/src/configuration_utils.rs","line_number":39}
{"timestamp":"2026-03-02T12:19:23.397175Z","level":"INFO","fields":{"message":"Config: ac_rtt_success_max_quantile = 0.95 (default)"},"filename":"/Users/runner/work/xet-core/xet-core/utils/src/configuration_utils.rs","line_number":39}
{"timestamp":"2026-03-02T12:19:23.397177Z","level":"INFO","fields":{"message":"Config: ac_healthy_success_ratio_threshold = 0.8 (default)"},"filename":"/Users/runner/work/xet-core/xet-core/utils/src/configuration_utils.rs","line_number":39}
{"timestamp":"2026-03-02T12:19:23.397179Z","level":"INFO","fields":{"message":"Config: ac_unhealthy_success_ratio_threshold = 0.5 (default)"},"filename":"/Users/runner/work/xet-core/xet-core/utils/src/configuration_utils.rs","line_number":39}
{"timestamp":"2026-03-02T12:19:23.397181Z","level":"INFO","fields":{"message":"Config: ac_target_rtt_transmission_size = 67108864 (default)"},"filename":"/Users/runner/work/xet-core/xet-core/utils/src/configuration_utils.rs","line_number":39}
{"timestamp":"2026-03-02T12:19:23.397183Z","level":"INFO","fields":{"message":"Config: ac_logging_interval_ms = 10000 (default)"},"filename":"/Users/runner/work/xet-core/xet-core/utils/src/configuration_utils.rs","line_number":39}
{"timestamp":"2026-03-02T12:19:23.397185Z","level":"INFO","fields":{"message":"Config: ac_max_upload_concurrency = 64 (default)"},"filename":"/Users/runner/work/xet-core/xet-core/utils/src/configuration_utils.rs","line_number":39}
{"timestamp":"2026-03-02T12:19:23.397187Z","level":"INFO","fields":{"message":"Config: ac_min_upload_concurrency = 1 (default)"},"filename":"/Users/runner/work/xet-core/xet-core/utils/src/configuration_utils.rs","line_number":39}
{"timestamp":"2026-03-02T12:19:23.397190Z","level":"INFO","fields":{"message":"Config: ac_initial_upload_concurrency = 1 (default)"},"filename":"/Users/runner/work/xet-core/xet-core/utils/src/configuration_utils.rs","line_number":39}
{"timestamp":"2026-03-02T12:19:23.397192Z","level":"INFO","fields":{"message":"Config: ac_max_download_concurrency = 64 (default)"},"filename":"/Users/runner/work/xet-core/xet-core/utils/src/configuration_utils.rs","line_number":39}
{"timestamp":"2026-03-02T12:19:23.397194Z","level":"INFO","fields":{"message":"Config: ac_min_download_concurrency = 1 (default)"},"filename":"/Users/runner/work/xet-core/xet-core/utils/src/configuration_utils.rs","line_number":39}
{"timestamp":"2026-03-02T12:19:23.397196Z","level":"INFO","fields":{"message":"Config: ac_initial_download_concurrency = 1 (default)"},"filename":"/Users/runner/work/xet-core/xet-core/utils/src/configuration_utils.rs","line_number":39}
{"timestamp":"2026-03-02T12:19:23.397198Z","level":"INFO","fields":{"message":"Config: unix_socket_path = None (default)"},"filename":"/Users/runner/work/xet-core/xet-core/utils/src/configuration_utils.rs","line_number":39}
{"timestamp":"2026-03-02T12:19:23.397226Z","level":"INFO","fields":{"message":"Config: dest = None (default)"},"filename":"/Users/runner/work/xet-core/xet-core/utils/src/configuration_utils.rs","line_number":39}
{"timestamp":"2026-03-02T12:19:23.397228Z","level":"INFO","fields":{"message":"Config: format = None (default)"},"filename":"/Users/runner/work/xet-core/xet-core/utils/src/configuration_utils.rs","line_number":39}
{"timestamp":"2026-03-02T12:19:23.397230Z","level":"INFO","fields":{"message":"Config: prefix = \"xet\" (default)"},"filename":"/Users/runner/work/xet-core/xet-core/utils/src/configuration_utils.rs","line_number":39}
{"timestamp":"2026-03-02T12:19:23.397232Z","level":"INFO","fields":{"message":"Config: dir_disable_cleanup = false (default)"},"filename":"/Users/runner/work/xet-core/xet-core/utils/src/configuration_utils.rs","line_number":39}
{"timestamp":"2026-03-02T12:19:23.397235Z","level":"INFO","fields":{"message":"Config: dir_max_size = 250MB (default)"},"filename":"/Users/runner/work/xet-core/xet-core/utils/src/configuration_utils.rs","line_number":39}
{"timestamp":"2026-03-02T12:19:23.397237Z","level":"INFO","fields":{"message":"Config: dir_min_deletion_age = 86400s (default)"},"filename":"/Users/runner/work/xet-core/xet-core/utils/src/configuration_utils.rs","line_number":39}
{"timestamp":"2026-03-02T12:19:23.397239Z","level":"INFO","fields":{"message":"Config: dir_max_retention_age = 1209600s (default)"},"filename":"/Users/runner/work/xet-core/xet-core/utils/src/configuration_utils.rs","line_number":39}
{"timestamp":"2026-03-02T12:19:23.397241Z","level":"INFO","fields":{"message":"Config: min_reconstruction_fetch_size = 256MB (default)"},"filename":"/Users/runner/work/xet-core/xet-core/utils/src/configuration_utils.rs","line_number":39}
{"timestamp":"2026-03-02T12:19:23.397243Z","level":"INFO","fields":{"message":"Config: max_reconstruction_fetch_size = 8GB (default)"},"filename":"/Users/runner/work/xet-core/xet-core/utils/src/configuration_utils.rs","line_number":39}
{"timestamp":"2026-03-02T12:19:23.397246Z","level":"INFO","fields":{"message":"Config: download_buffer_size = 2GB (default)"},"filename":"/Users/runner/work/xet-core/xet-core/utils/src/configuration_utils.rs","line_number":39}
{"timestamp":"2026-03-02T12:19:23.397248Z","level":"INFO","fields":{"message":"Config: download_buffer_permit_basis = 1MB (default)"},"filename":"/Users/runner/work/xet-core/xet-core/utils/src/configuration_utils.rs","line_number":39}
{"timestamp":"2026-03-02T12:19:23.397250Z","level":"INFO","fields":{"message":"Config: completion_rate_estimator_half_life = 4.0 (default)"},"filename":"/Users/runner/work/xet-core/xet-core/utils/src/configuration_utils.rs","line_number":39}
{"timestamp":"2026-03-02T12:19:23.397252Z","level":"INFO","fields":{"message":"Config: target_block_completion_time = 900s (default)"},"filename":"/Users/runner/work/xet-core/xet-core/utils/src/configuration_utils.rs","line_number":39}
{"timestamp":"2026-03-02T12:19:23.397254Z","level":"INFO","fields":{"message":"Config: min_prefetch_buffer = 1GB (default)"},"filename":"/Users/runner/work/xet-core/xet-core/utils/src/configuration_utils.rs","line_number":39}
{"timestamp":"2026-03-02T12:19:23.397256Z","level":"INFO","fields":{"message":"Config: use_vectored_write = true (default)"},"filename":"/Users/runner/work/xet-core/xet-core/utils/src/configuration_utils.rs","line_number":39}
{"timestamp":"2026-03-02T12:19:23.397268Z","level":"INFO","fields":{"message":"Config: compression_scheme_retest_interval = 32 (default)"},"filename":"/Users/runner/work/xet-core/xet-core/utils/src/configuration_utils.rs","line_number":39}
{"timestamp":"2026-03-02T12:19:23.397349Z","level":"INFO","fields":{"message":"Using 14 async threads for tokio runtime"},"filename":"/Users/runner/work/xet-core/xet-core/xet_runtime/src/runtime.rs","line_number":55}
{"timestamp":"2026-03-02T12:19:23.399139Z","level":"INFO","fields":{"message":"Using cache path \"/Users/nicolema/hardware-proprioception/.hf_home/xet\"."},"filename":"/Users/runner/work/xet-core/xet-core/data/src/data_client.rs","line_number":43,"span":{"num_files":1,"name":"data_client::download"},"spans":[{"num_files":1,"name":"data_client::download"}]}
{"timestamp":"2026-03-02T12:19:23.400443Z","level":"INFO","fields":{"message":"HTTP client configured","idle_timeout":"60s","max_idle_connections":16,"custom_headers":"Some({\"user-agent\": \"hf_xet/1.3.2\"})"},"filename":"/Users/runner/work/xet-core/xet-core/cas_client/src/http_client.rs","line_number":100,"span":{"num_files":1,"session_id":"01KJQ7T9M74BT59JRC409TZEES","name":"data_client::download"},"spans":[{"num_files":1,"session_id":"01KJQ7T9M74BT59JRC409TZEES","name":"data_client::download"}]}
{"timestamp":"2026-03-02T12:19:23.400469Z","level":"INFO","fields":{"message":"CAS auth disabled","caller":"/Users/runner/work/xet-core/xet-core/cas_client/src/http_client.rs:134"},"filename":"/Users/runner/work/xet-core/xet-core/error_printer/src/lib.rs","line_number":198,"span":{"num_files":1,"session_id":"01KJQ7T9M74BT59JRC409TZEES","name":"data_client::download"},"spans":[{"num_files":1,"session_id":"01KJQ7T9M74BT59JRC409TZEES","name":"data_client::download"}]}
{"timestamp":"2026-03-02T12:19:23.400478Z","level":"INFO","fields":{"message":"HTTP client configured","idle_timeout":"60s","max_idle_connections":16,"custom_headers":"Some({\"user-agent\": \"hf_xet/1.3.2\"})"},"filename":"/Users/runner/work/xet-core/xet-core/cas_client/src/http_client.rs","line_number":100,"span":{"num_files":1,"session_id":"01KJQ7T9M74BT59JRC409TZEES","name":"data_client::download"},"spans":[{"num_files":1,"session_id":"01KJQ7T9M74BT59JRC409TZEES","name":"data_client::download"}]}
{"timestamp":"2026-03-02T12:19:23.400485Z","level":"INFO","fields":{"message":"Initializing Adaptive Concurrency Controller for upload with starting concurrency = 1; min = 1, max = 64, min_bytes_for_adjustment = 20000000, min_completed_transmissions_for_adjustment = 1"},"filename":"/Users/runner/work/xet-core/xet-core/cas_client/src/adaptive_concurrency/controller.rs","line_number":252,"span":{"num_files":1,"session_id":"01KJQ7T9M74BT59JRC409TZEES","name":"data_client::download"},"spans":[{"num_files":1,"session_id":"01KJQ7T9M74BT59JRC409TZEES","name":"data_client::download"}]}
{"timestamp":"2026-03-02T12:19:23.400491Z","level":"INFO","fields":{"message":"Initializing Adaptive Concurrency Controller for download with starting concurrency = 1; min = 1, max = 64, min_bytes_for_adjustment = 20000000, min_completed_transmissions_for_adjustment = 1"},"filename":"/Users/runner/work/xet-core/xet-core/cas_client/src/adaptive_concurrency/controller.rs","line_number":252,"span":{"num_files":1,"session_id":"01KJQ7T9M74BT59JRC409TZEES","name":"data_client::download"},"spans":[{"num_files":1,"session_id":"01KJQ7T9M74BT59JRC409TZEES","name":"data_client::download"}]}
{"timestamp":"2026-03-02T12:19:23.400662Z","level":"INFO","fields":{"message":"Starting file reconstruction","file_hash":"25032e7230e89efcaccff6d670bce9f074cfa8043bef3027717f8a90a973c82e","byte_range":"None"},"filename":"/Users/runner/work/xet-core/xet-core/file_reconstruction/src/file_reconstructor.rs","line_number":87,"span":{"hash":"25032e7230e89efcaccff6d670bce9f074cfa8043bef3027717f8a90a973c82e","name":"FileDownloadSession::download_file_with_updater"},"spans":[{"num_files":1,"session_id":"01KJQ7T9M74BT59JRC409TZEES","name":"data_client::download"},{"name":"download_file"},{"hash":"25032e7230e89efcaccff6d670bce9f074cfa8043bef3027717f8a90a973c82e","name":"FileDownloadSession::download_file_with_updater"}]}
{"timestamp":"2026-03-02T12:19:23.400738Z","level":"INFO","fields":{"message":"Scheduling prefetch block","file_hash":"25032e7230e89efcaccff6d670bce9f074cfa8043bef3027717f8a90a973c82e","prefetch_range":"(0, 256000000)","requested_block_size":256000000,"actual_block_size":256000000,"queue_depth":1},"filename":"/Users/runner/work/xet-core/xet-core/file_reconstruction/src/reconstruction_terms/manager.rs","line_number":252,"span":{"hash":"25032e7230e89efcaccff6d670bce9f074cfa8043bef3027717f8a90a973c82e","name":"FileDownloadSession::download_file_with_updater"},"spans":[{"num_files":1,"session_id":"01KJQ7T9M74BT59JRC409TZEES","name":"data_client::download"},{"name":"download_file"},{"hash":"25032e7230e89efcaccff6d670bce9f074cfa8043bef3027717f8a90a973c82e","name":"FileDownloadSession::download_file_with_updater"}]}
{"timestamp":"2026-03-02T12:19:23.400796Z","level":"INFO","fields":{"message":"Scheduling prefetch block","file_hash":"25032e7230e89efcaccff6d670bce9f074cfa8043bef3027717f8a90a973c82e","prefetch_range":"(256000000, 768000000)","requested_block_size":512000000,"actual_block_size":512000000,"queue_depth":2},"filename":"/Users/runner/work/xet-core/xet-core/file_reconstruction/src/reconstruction_terms/manager.rs","line_number":252,"span":{"hash":"25032e7230e89efcaccff6d670bce9f074cfa8043bef3027717f8a90a973c82e","name":"FileDownloadSession::download_file_with_updater"},"spans":[{"num_files":1,"session_id":"01KJQ7T9M74BT59JRC409TZEES","name":"data_client::download"},{"name":"download_file"},{"hash":"25032e7230e89efcaccff6d670bce9f074cfa8043bef3027717f8a90a973c82e","name":"FileDownloadSession::download_file_with_updater"}]}
{"timestamp":"2026-03-02T12:19:23.400974Z","level":"INFO","fields":{"message":"Scheduling prefetch block","file_hash":"25032e7230e89efcaccff6d670bce9f074cfa8043bef3027717f8a90a973c82e","prefetch_range":"(768000000, 1024000000)","requested_block_size":256000000,"actual_block_size":256000000,"queue_depth":3},"filename":"/Users/runner/work/xet-core/xet-core/file_reconstruction/src/reconstruction_terms/manager.rs","line_number":252,"span":{"hash":"25032e7230e89efcaccff6d670bce9f074cfa8043bef3027717f8a90a973c82e","name":"FileDownloadSession::download_file_with_updater"},"spans":[{"num_files":1,"session_id":"01KJQ7T9M74BT59JRC409TZEES","name":"data_client::download"},{"name":"download_file"},{"hash":"25032e7230e89efcaccff6d670bce9f074cfa8043bef3027717f8a90a973c82e","name":"FileDownloadSession::download_file_with_updater"}]}
{"timestamp":"2026-03-02T12:19:23.401016Z","level":"INFO","fields":{"message":"Starting get_reconstruction API call","call_id":1,"file_id":"25032e7230e89efcaccff6d670bce9f074cfa8043bef3027717f8a90a973c82e","bytes_range":"Some(Range { start: 0, end: 256000000 })"},"filename":"/Users/runner/work/xet-core/xet-core/cas_client/src/remote_client.rs","line_number":221}
{"timestamp":"2026-03-02T12:19:23.401053Z","level":"INFO","fields":{"message":"Retry strategy","max_attempts":5,"base_delay":"3s","no_retry_on_429":false},"filename":"/Users/runner/work/xet-core/xet-core/cas_client/src/retry_wrapper.rs","line_number":217}
{"timestamp":"2026-03-02T12:19:23.401023Z","level":"INFO","fields":{"message":"Starting get_reconstruction API call","call_id":3,"file_id":"25032e7230e89efcaccff6d670bce9f074cfa8043bef3027717f8a90a973c82e","bytes_range":"Some(Range { start: 256000000, end: 768000000 })"},"filename":"/Users/runner/work/xet-core/xet-core/cas_client/src/remote_client.rs","line_number":221}
{"timestamp":"2026-03-02T12:19:23.401025Z","level":"INFO","fields":{"message":"Starting get_reconstruction API call","call_id":2,"file_id":"25032e7230e89efcaccff6d670bce9f074cfa8043bef3027717f8a90a973c82e","bytes_range":"Some(Range { start: 768000000, end: 1024000000 })"},"filename":"/Users/runner/work/xet-core/xet-core/cas_client/src/remote_client.rs","line_number":221}
{"timestamp":"2026-03-02T12:19:23.401060Z","level":"INFO","fields":{"message":"Retry strategy","max_attempts":5,"base_delay":"3s","no_retry_on_429":false},"filename":"/Users/runner/work/xet-core/xet-core/cas_client/src/retry_wrapper.rs","line_number":217}
{"timestamp":"2026-03-02T12:19:23.401063Z","level":"INFO","fields":{"message":"Retry strategy","max_attempts":5,"base_delay":"3s","no_retry_on_429":false},"filename":"/Users/runner/work/xet-core/xet-core/cas_client/src/retry_wrapper.rs","line_number":217}
{"timestamp":"2026-03-02T12:19:23.401106Z","level":"INFO","fields":{"message":"Token refresh successful for CAS authentication"},"filename":"/Users/runner/work/xet-core/xet-core/cas_client/src/http_client.rs","line_number":231}
{"timestamp":"2026-03-02T12:19:23.401121Z","level":"INFO","fields":{"message":"Token refresh successful for CAS authentication"},"filename":"/Users/runner/work/xet-core/xet-core/cas_client/src/http_client.rs","line_number":231}
{"timestamp":"2026-03-02T12:19:23.401409Z","level":"INFO","fields":{"message":"Token refresh successful for CAS authentication"},"filename":"/Users/runner/work/xet-core/xet-core/cas_client/src/http_client.rs","line_number":231}
{"timestamp":"2026-03-02T12:19:23.723974Z","level":"INFO","fields":{"message":"Received CAS response","request_id":"01KJQ7T9XBJNYSC65XJB69XYED","status_code":416},"filename":"/Users/runner/work/xet-core/xet-core/cas_client/src/http_client.rs","line_number":197}
{"timestamp":"2026-03-02T12:19:23.724029Z","level":"ERROR","fields":{"message":"Fatal Error: \"cas::get_reconstruction\" api call failed (request id 01KJQ7T9XBJNYSC65XJB69XYED): HTTP status client error (416 Range Not Satisfiable) for url (https://cas-server.xethub.hf.co/v1/reconstructions/25032e7230e89efcaccff6d670bce9f074cfa8043bef3027717f8a90a973c82e)"},"filename":"/Users/runner/work/xet-core/xet-core/cas_client/src/retry_wrapper.rs","line_number":141}
{"timestamp":"2026-03-02T12:19:23.748047Z","level":"INFO","fields":{"message":"Received CAS response","request_id":"01KJQ7T9X9BYKQQ5EANA01WYAH","status_code":416},"filename":"/Users/runner/work/xet-core/xet-core/cas_client/src/http_client.rs","line_number":197}
{"timestamp":"2026-03-02T12:19:23.748081Z","level":"ERROR","fields":{"message":"Fatal Error: \"cas::get_reconstruction\" api call failed (request id 01KJQ7T9X9BYKQQ5EANA01WYAH): HTTP status client error (416 Range Not Satisfiable) for url (https://cas-server.xethub.hf.co/v1/reconstructions/25032e7230e89efcaccff6d670bce9f074cfa8043bef3027717f8a90a973c82e)"},"filename":"/Users/runner/work/xet-core/xet-core/cas_client/src/retry_wrapper.rs","line_number":141}
{"timestamp":"2026-03-02T12:19:24.169403Z","level":"INFO","fields":{"message":"Received CAS response","request_id":"01KJQ7T9X8T93TPSC2C5WSEN15","status_code":200},"filename":"/Users/runner/work/xet-core/xet-core/cas_client/src/http_client.rs","line_number":197}
{"timestamp":"2026-03-02T12:19:24.169429Z","level":"INFO","fields":{"message":"Request Success: cas::get_reconstruction api call succeeded (request id 01KJQ7T9X8T93TPSC2C5WSEN15)."},"filename":"/Users/runner/work/xet-core/xet-core/cas_client/src/retry_wrapper.rs","line_number":178}
{"timestamp":"2026-03-02T12:19:24.171196Z","level":"INFO","fields":{"message":"Completed get_reconstruction API call","call_id":1,"file_id":"25032e7230e89efcaccff6d670bce9f074cfa8043bef3027717f8a90a973c82e","bytes_range":"Some(Range { start: 0, end: 256000000 })"},"filename":"/Users/runner/work/xet-core/xet-core/cas_client/src/remote_client.rs","line_number":246}
{"timestamp":"2026-03-02T12:19:24.171247Z","level":"INFO","fields":{"message":"Received block of file terms from prefetch queue","file_hash":"25032e7230e89efcaccff6d670bce9f074cfa8043bef3027717f8a90a973c82e","block_start":0,"block_end":4848345,"block_size":39},"filename":"/Users/runner/work/xet-core/xet-core/file_reconstruction/src/reconstruction_terms/manager.rs","line_number":136,"span":{"hash":"25032e7230e89efcaccff6d670bce9f074cfa8043bef3027717f8a90a973c82e","name":"FileDownloadSession::download_file_with_updater"},"spans":[{"num_files":1,"session_id":"01KJQ7T9M74BT59JRC409TZEES","name":"data_client::download"},{"name":"download_file"},{"hash":"25032e7230e89efcaccff6d670bce9f074cfa8043bef3027717f8a90a973c82e","name":"FileDownloadSession::download_file_with_updater"}]}
{"timestamp":"2026-03-02T12:19:24.171271Z","level":"INFO","fields":{"message":"Begin processing on block of file terms.","block_number":1,"term_count":39,"block_byte_range":"(0, 4848345)","block_bytes":4848345},"filename":"/Users/runner/work/xet-core/xet-core/file_reconstruction/src/file_reconstructor.rs","line_number":138,"span":{"hash":"25032e7230e89efcaccff6d670bce9f074cfa8043bef3027717f8a90a973c82e","name":"FileDownloadSession::download_file_with_updater"},"spans":[{"num_files":1,"session_id":"01KJQ7T9M74BT59JRC409TZEES","name":"data_client::download"},{"name":"download_file"},{"hash":"25032e7230e89efcaccff6d670bce9f074cfa8043bef3027717f8a90a973c82e","name":"FileDownloadSession::download_file_with_updater"}]}
{"timestamp":"2026-03-02T12:19:24.171336Z","level":"INFO","fields":{"message":"Retry strategy","max_attempts":5,"base_delay":"3s","no_retry_on_429":false},"filename":"/Users/runner/work/xet-core/xet-core/cas_client/src/retry_wrapper.rs","line_number":217}
{"timestamp":"2026-03-02T12:19:24.222218Z","level":"INFO","fields":{"message":"Received CAS response","request_id":"","status_code":206},"filename":"/Users/runner/work/xet-core/xet-core/cas_client/src/http_client.rs","line_number":197}
{"timestamp":"2026-03-02T12:19:24.222237Z","level":"INFO","fields":{"message":"Request Success: s3::get_range api call succeeded (request id )."},"filename":"/Users/runner/work/xet-core/xet-core/cas_client/src/retry_wrapper.rs","line_number":178}
{"timestamp":"2026-03-02T12:19:24.354432Z","level":"INFO","fields":{"message":"Retry strategy","max_attempts":5,"base_delay":"3s","no_retry_on_429":false},"filename":"/Users/runner/work/xet-core/xet-core/cas_client/src/retry_wrapper.rs","line_number":217}
{"timestamp":"2026-03-02T12:19:24.364338Z","level":"INFO","fields":{"message":"Received CAS response","request_id":"","status_code":206},"filename":"/Users/runner/work/xet-core/xet-core/cas_client/src/http_client.rs","line_number":197}
{"timestamp":"2026-03-02T12:19:24.364584Z","level":"INFO","fields":{"message":"Request Success: s3::get_range api call succeeded (request id )."},"filename":"/Users/runner/work/xet-core/xet-core/cas_client/src/retry_wrapper.rs","line_number":178}
{"timestamp":"2026-03-02T12:19:24.366653Z","level":"INFO","fields":{"message":"Retry strategy","max_attempts":5,"base_delay":"3s","no_retry_on_429":false},"filename":"/Users/runner/work/xet-core/xet-core/cas_client/src/retry_wrapper.rs","line_number":217}
{"timestamp":"2026-03-02T12:19:24.378495Z","level":"INFO","fields":{"message":"Received CAS response","request_id":"","status_code":206},"filename":"/Users/runner/work/xet-core/xet-core/cas_client/src/http_client.rs","line_number":197}
{"timestamp":"2026-03-02T12:19:24.378510Z","level":"INFO","fields":{"message":"Request Success: s3::get_range api call succeeded (request id )."},"filename":"/Users/runner/work/xet-core/xet-core/cas_client/src/retry_wrapper.rs","line_number":178}
{"timestamp":"2026-03-02T12:19:24.385915Z","level":"INFO","fields":{"message":"Retry strategy","max_attempts":5,"base_delay":"3s","no_retry_on_429":false},"filename":"/Users/runner/work/xet-core/xet-core/cas_client/src/retry_wrapper.rs","line_number":217}
{"timestamp":"2026-03-02T12:19:24.395394Z","level":"INFO","fields":{"message":"Received CAS response","request_id":"","status_code":206},"filename":"/Users/runner/work/xet-core/xet-core/cas_client/src/http_client.rs","line_number":197}
{"timestamp":"2026-03-02T12:19:24.395405Z","level":"INFO","fields":{"message":"Request Success: s3::get_range api call succeeded (request id )."},"filename":"/Users/runner/work/xet-core/xet-core/cas_client/src/retry_wrapper.rs","line_number":178}
{"timestamp":"2026-03-02T12:19:24.398668Z","level":"INFO","fields":{"message":"Retry strategy","max_attempts":5,"base_delay":"3s","no_retry_on_429":false},"filename":"/Users/runner/work/xet-core/xet-core/cas_client/src/retry_wrapper.rs","line_number":217}
{"timestamp":"2026-03-02T12:19:24.407939Z","level":"INFO","fields":{"message":"Received CAS response","request_id":"","status_code":206},"filename":"/Users/runner/work/xet-core/xet-core/cas_client/src/http_client.rs","line_number":197}
{"timestamp":"2026-03-02T12:19:24.407951Z","level":"INFO","fields":{"message":"Request Success: s3::get_range api call succeeded (request id )."},"filename":"/Users/runner/work/xet-core/xet-core/cas_client/src/retry_wrapper.rs","line_number":178}
{"timestamp":"2026-03-02T12:19:24.416208Z","level":"INFO","fields":{"message":"Retry strategy","max_attempts":5,"base_delay":"3s","no_retry_on_429":false},"filename":"/Users/runner/work/xet-core/xet-core/cas_client/src/retry_wrapper.rs","line_number":217}
{"timestamp":"2026-03-02T12:19:24.425988Z","level":"INFO","fields":{"message":"Received CAS response","request_id":"","status_code":206},"filename":"/Users/runner/work/xet-core/xet-core/cas_client/src/http_client.rs","line_number":197}
{"timestamp":"2026-03-02T12:19:24.425995Z","level":"INFO","fields":{"message":"Request Success: s3::get_range api call succeeded (request id )."},"filename":"/Users/runner/work/xet-core/xet-core/cas_client/src/retry_wrapper.rs","line_number":178}
{"timestamp":"2026-03-02T12:19:24.447473Z","level":"INFO","fields":{"message":"Retry strategy","max_attempts":5,"base_delay":"3s","no_retry_on_429":false},"filename":"/Users/runner/work/xet-core/xet-core/cas_client/src/retry_wrapper.rs","line_number":217}
{"timestamp":"2026-03-02T12:19:24.457167Z","level":"INFO","fields":{"message":"Received CAS response","request_id":"","status_code":206},"filename":"/Users/runner/work/xet-core/xet-core/cas_client/src/http_client.rs","line_number":197}
{"timestamp":"2026-03-02T12:19:24.457209Z","level":"INFO","fields":{"message":"Request Success: s3::get_range api call succeeded (request id )."},"filename":"/Users/runner/work/xet-core/xet-core/cas_client/src/retry_wrapper.rs","line_number":178}
{"timestamp":"2026-03-02T12:19:24.475005Z","level":"INFO","fields":{"message":"Retry strategy","max_attempts":5,"base_delay":"3s","no_retry_on_429":false},"filename":"/Users/runner/work/xet-core/xet-core/cas_client/src/retry_wrapper.rs","line_number":217}
{"timestamp":"2026-03-02T12:19:24.484674Z","level":"INFO","fields":{"message":"Received CAS response","request_id":"","status_code":206},"filename":"/Users/runner/work/xet-core/xet-core/cas_client/src/http_client.rs","line_number":197}
{"timestamp":"2026-03-02T12:19:24.484684Z","level":"INFO","fields":{"message":"Request Success: s3::get_range api call succeeded (request id )."},"filename":"/Users/runner/work/xet-core/xet-core/cas_client/src/retry_wrapper.rs","line_number":178}
{"timestamp":"2026-03-02T12:19:24.495748Z","level":"INFO","fields":{"message":"Retry strategy","max_attempts":5,"base_delay":"3s","no_retry_on_429":false},"filename":"/Users/runner/work/xet-core/xet-core/cas_client/src/retry_wrapper.rs","line_number":217}
{"timestamp":"2026-03-02T12:19:24.505580Z","level":"INFO","fields":{"message":"Received CAS response","request_id":"","status_code":206},"filename":"/Users/runner/work/xet-core/xet-core/cas_client/src/http_client.rs","line_number":197}
{"timestamp":"2026-03-02T12:19:24.505590Z","level":"INFO","fields":{"message":"Request Success: s3::get_range api call succeeded (request id )."},"filename":"/Users/runner/work/xet-core/xet-core/cas_client/src/retry_wrapper.rs","line_number":178}
{"timestamp":"2026-03-02T12:19:24.508993Z","level":"INFO","fields":{"message":"Retry strategy","max_attempts":5,"base_delay":"3s","no_retry_on_429":false},"filename":"/Users/runner/work/xet-core/xet-core/cas_client/src/retry_wrapper.rs","line_number":217}
{"timestamp":"2026-03-02T12:19:24.518570Z","level":"INFO","fields":{"message":"Received CAS response","request_id":"","status_code":206},"filename":"/Users/runner/work/xet-core/xet-core/cas_client/src/http_client.rs","line_number":197}
{"timestamp":"2026-03-02T12:19:24.518577Z","level":"INFO","fields":{"message":"Request Success: s3::get_range api call succeeded (request id )."},"filename":"/Users/runner/work/xet-core/xet-core/cas_client/src/retry_wrapper.rs","line_number":178}
{"timestamp":"2026-03-02T12:19:24.526065Z","level":"INFO","fields":{"message":"Retry strategy","max_attempts":5,"base_delay":"3s","no_retry_on_429":false},"filename":"/Users/runner/work/xet-core/xet-core/cas_client/src/retry_wrapper.rs","line_number":217}
{"timestamp":"2026-03-02T12:19:24.536243Z","level":"INFO","fields":{"message":"Received CAS response","request_id":"","status_code":206},"filename":"/Users/runner/work/xet-core/xet-core/cas_client/src/http_client.rs","line_number":197}
{"timestamp":"2026-03-02T12:19:24.536285Z","level":"INFO","fields":{"message":"Request Success: s3::get_range api call succeeded (request id )."},"filename":"/Users/runner/work/xet-core/xet-core/cas_client/src/retry_wrapper.rs","line_number":178}
{"timestamp":"2026-03-02T12:19:24.539948Z","level":"INFO","fields":{"message":"Retry strategy","max_attempts":5,"base_delay":"3s","no_retry_on_429":false},"filename":"/Users/runner/work/xet-core/xet-core/cas_client/src/retry_wrapper.rs","line_number":217}
{"timestamp":"2026-03-02T12:19:24.551295Z","level":"INFO","fields":{"message":"Received CAS response","request_id":"","status_code":206},"filename":"/Users/runner/work/xet-core/xet-core/cas_client/src/http_client.rs","line_number":197}
{"timestamp":"2026-03-02T12:19:24.551305Z","level":"INFO","fields":{"message":"Request Success: s3::get_range api call succeeded (request id )."},"filename":"/Users/runner/work/xet-core/xet-core/cas_client/src/retry_wrapper.rs","line_number":178}
{"timestamp":"2026-03-02T12:19:24.557099Z","level":"INFO","fields":{"message":"Retry strategy","max_attempts":5,"base_delay":"3s","no_retry_on_429":false},"filename":"/Users/runner/work/xet-core/xet-core/cas_client/src/retry_wrapper.rs","line_number":217}
{"timestamp":"2026-03-02T12:19:24.568615Z","level":"INFO","fields":{"message":"Received CAS response","request_id":"","status_code":206},"filename":"/Users/runner/work/xet-core/xet-core/cas_client/src/http_client.rs","line_number":197}
{"timestamp":"2026-03-02T12:19:24.568625Z","level":"INFO","fields":{"message":"Request Success: s3::get_range api call succeeded (request id )."},"filename":"/Users/runner/work/xet-core/xet-core/cas_client/src/retry_wrapper.rs","line_number":178}
{"timestamp":"2026-03-02T12:19:24.579726Z","level":"INFO","fields":{"message":"Retry strategy","max_attempts":5,"base_delay":"3s","no_retry_on_429":false},"filename":"/Users/runner/work/xet-core/xet-core/cas_client/src/retry_wrapper.rs","line_number":217}
{"timestamp":"2026-03-02T12:19:24.590829Z","level":"INFO","fields":{"message":"Received CAS response","request_id":"","status_code":206},"filename":"/Users/runner/work/xet-core/xet-core/cas_client/src/http_client.rs","line_number":197}
{"timestamp":"2026-03-02T12:19:24.590839Z","level":"INFO","fields":{"message":"Request Success: s3::get_range api call succeeded (request id )."},"filename":"/Users/runner/work/xet-core/xet-core/cas_client/src/retry_wrapper.rs","line_number":178}
{"timestamp":"2026-03-02T12:19:24.590882Z","level":"INFO","fields":{"message":"Retry strategy","max_attempts":5,"base_delay":"3s","no_retry_on_429":false},"filename":"/Users/runner/work/xet-core/xet-core/cas_client/src/retry_wrapper.rs","line_number":217}
{"timestamp":"2026-03-02T12:19:24.600536Z","level":"INFO","fields":{"message":"Received CAS response","request_id":"","status_code":206},"filename":"/Users/runner/work/xet-core/xet-core/cas_client/src/http_client.rs","line_number":197}
{"timestamp":"2026-03-02T12:19:24.600543Z","level":"INFO","fields":{"message":"Request Success: s3::get_range api call succeeded (request id )."},"filename":"/Users/runner/work/xet-core/xet-core/cas_client/src/retry_wrapper.rs","line_number":178}
{"timestamp":"2026-03-02T12:19:24.609998Z","level":"INFO","fields":{"message":"Retry strategy","max_attempts":5,"base_delay":"3s","no_retry_on_429":false},"filename":"/Users/runner/work/xet-core/xet-core/cas_client/src/retry_wrapper.rs","line_number":217}
{"timestamp":"2026-03-02T12:19:24.619989Z","level":"INFO","fields":{"message":"Received CAS response","request_id":"","status_code":206},"filename":"/Users/runner/work/xet-core/xet-core/cas_client/src/http_client.rs","line_number":197}
{"timestamp":"2026-03-02T12:19:24.620002Z","level":"INFO","fields":{"message":"Request Success: s3::get_range api call succeeded (request id )."},"filename":"/Users/runner/work/xet-core/xet-core/cas_client/src/retry_wrapper.rs","line_number":178}
{"timestamp":"2026-03-02T12:19:24.625983Z","level":"INFO","fields":{"message":"Retry strategy","max_attempts":5,"base_delay":"3s","no_retry_on_429":false},"filename":"/Users/runner/work/xet-core/xet-core/cas_client/src/retry_wrapper.rs","line_number":217}
{"timestamp":"2026-03-02T12:19:24.635522Z","level":"INFO","fields":{"message":"Received CAS response","request_id":"","status_code":206},"filename":"/Users/runner/work/xet-core/xet-core/cas_client/src/http_client.rs","line_number":197}
{"timestamp":"2026-03-02T12:19:24.635528Z","level":"INFO","fields":{"message":"Request Success: s3::get_range api call succeeded (request id )."},"filename":"/Users/runner/work/xet-core/xet-core/cas_client/src/retry_wrapper.rs","line_number":178}
{"timestamp":"2026-03-02T12:19:24.652174Z","level":"INFO","fields":{"message":"Retry strategy","max_attempts":5,"base_delay":"3s","no_retry_on_429":false},"filename":"/Users/runner/work/xet-core/xet-core/cas_client/src/retry_wrapper.rs","line_number":217}
{"timestamp":"2026-03-02T12:19:24.662508Z","level":"INFO","fields":{"message":"Received CAS response","request_id":"","status_code":206},"filename":"/Users/runner/work/xet-core/xet-core/cas_client/src/http_client.rs","line_number":197}
{"timestamp":"2026-03-02T12:19:24.662519Z","level":"INFO","fields":{"message":"Request Success: s3::get_range api call succeeded (request id )."},"filename":"/Users/runner/work/xet-core/xet-core/cas_client/src/retry_wrapper.rs","line_number":178}
{"timestamp":"2026-03-02T12:19:24.675768Z","level":"INFO","fields":{"message":"Retry strategy","max_attempts":5,"base_delay":"3s","no_retry_on_429":false},"filename":"/Users/runner/work/xet-core/xet-core/cas_client/src/retry_wrapper.rs","line_number":217}
{"timestamp":"2026-03-02T12:19:24.686703Z","level":"INFO","fields":{"message":"Received CAS response","request_id":"","status_code":206},"filename":"/Users/runner/work/xet-core/xet-core/cas_client/src/http_client.rs","line_number":197}
{"timestamp":"2026-03-02T12:19:24.686714Z","level":"INFO","fields":{"message":"Request Success: s3::get_range api call succeeded (request id )."},"filename":"/Users/runner/work/xet-core/xet-core/cas_client/src/retry_wrapper.rs","line_number":178}
{"timestamp":"2026-03-02T12:19:24.697495Z","level":"INFO","fields":{"message":"Updated completion rate estimate based on previous block completion time (seconds).","file_hash":"25032e7230e89efcaccff6d670bce9f074cfa8043bef3027717f8a90a973c82e","block_start":0,"block_end":4848345,"block_size":4848345,"completion_time":0.526245125},"filename":"/Users/runner/work/xet-core/xet-core/file_reconstruction/src/reconstruction_terms/manager.rs","line_number":100,"span":{"hash":"25032e7230e89efcaccff6d670bce9f074cfa8043bef3027717f8a90a973c82e","name":"FileDownloadSession::download_file_with_updater"},"spans":[{"num_files":1,"session_id":"01KJQ7T9M74BT59JRC409TZEES","name":"data_client::download"},{"name":"download_file"},{"hash":"25032e7230e89efcaccff6d670bce9f074cfa8043bef3027717f8a90a973c82e","name":"FileDownloadSession::download_file_with_updater"}]}
{"timestamp":"2026-03-02T12:19:24.697527Z","level":"INFO","fields":{"message":"Completed prefetch queue; end of file reached.","file_hash":"25032e7230e89efcaccff6d670bce9f074cfa8043bef3027717f8a90a973c82e","prefetched_byte_position":1024000000},"filename":"/Users/runner/work/xet-core/xet-core/file_reconstruction/src/reconstruction_terms/manager.rs","line_number":158,"span":{"hash":"25032e7230e89efcaccff6d670bce9f074cfa8043bef3027717f8a90a973c82e","name":"FileDownloadSession::download_file_with_updater"},"spans":[{"num_files":1,"session_id":"01KJQ7T9M74BT59JRC409TZEES","name":"data_client::download"},{"name":"download_file"},{"hash":"25032e7230e89efcaccff6d670bce9f074cfa8043bef3027717f8a90a973c82e","name":"FileDownloadSession::download_file_with_updater"}]}
{"timestamp":"2026-03-02T12:19:24.697533Z","level":"INFO","fields":{"message":"All term blocks received and scheduled for writing","block_count":1,"total_terms_processed":39,"total_bytes_scheduled":4848345},"filename":"/Users/runner/work/xet-core/xet-core/file_reconstruction/src/file_reconstructor.rs","line_number":190,"span":{"hash":"25032e7230e89efcaccff6d670bce9f074cfa8043bef3027717f8a90a973c82e","name":"FileDownloadSession::download_file_with_updater"},"spans":[{"num_files":1,"session_id":"01KJQ7T9M74BT59JRC409TZEES","name":"data_client::download"},{"name":"download_file"},{"hash":"25032e7230e89efcaccff6d670bce9f074cfa8043bef3027717f8a90a973c82e","name":"FileDownloadSession::download_file_with_updater"}]}
{"timestamp":"2026-03-02T12:19:24.697568Z","level":"INFO","fields":{"message":"Retry strategy","max_attempts":5,"base_delay":"3s","no_retry_on_429":false},"filename":"/Users/runner/work/xet-core/xet-core/cas_client/src/retry_wrapper.rs","line_number":217}
{"timestamp":"2026-03-02T12:19:24.706216Z","level":"INFO","fields":{"message":"Received CAS response","request_id":"","status_code":206},"filename":"/Users/runner/work/xet-core/xet-core/cas_client/src/http_client.rs","line_number":197}
{"timestamp":"2026-03-02T12:19:24.706223Z","level":"INFO","fields":{"message":"Request Success: s3::get_range api call succeeded (request id )."},"filename":"/Users/runner/work/xet-core/xet-core/cas_client/src/retry_wrapper.rs","line_number":178}
{"timestamp":"2026-03-02T12:19:24.715627Z","level":"INFO","fields":{"message":"File reconstruction completed successfully","bytes_written":4848345},"filename":"/Users/runner/work/xet-core/xet-core/file_reconstruction/src/file_reconstructor.rs","line_number":203,"span":{"hash":"25032e7230e89efcaccff6d670bce9f074cfa8043bef3027717f8a90a973c82e","name":"FileDownloadSession::download_file_with_updater"},"spans":[{"num_files":1,"session_id":"01KJQ7T9M74BT59JRC409TZEES","name":"data_client::download"},{"name":"download_file"},{"hash":"25032e7230e89efcaccff6d670bce9f074cfa8043bef3027717f8a90a973c82e","name":"FileDownloadSession::download_file_with_updater"}]}
